{"level":"\u001b[33mwarn\u001b[39m","message":"Hello world","timestamp":"2026-03-04T05:42:46.925Z"}
{"level":"\u001b[31merror\u001b[39m","message":"Hello world","timestamp":"2026-03-04T05:42:46.925Z"}
{"level":"\u001b[32minfo\u001b[39m","message":"Hello world","timestamp":"2026-03-04T05:43:01.138Z"}
{"level":"\u001b[33mwarn\u001b[39m","message":"Hello world","timestamp":"2026-03-04T05:43:01.141Z"}
{"level":"\u001b[31merror\u001b[39m","message":"Hello world","timestamp":"2026-03-04T05:43:01.142Z"}
{"level":"\u001b[32minfo\u001b[39m","message":"Hello world","timestamp":"2026-03-04T05:43:12.053Z"}
{"level":"\u001b[33mwarn\u001b[39m","message":"Hello world","timestamp":"2026-03-04T05:43:12.057Z"}
{"level":"\u001b[31merror\u001b[39m","message":"Hello world","timestamp":"2026-03-04T05:43:12.058Z"}
{"level":"\u001b[32minfo\u001b[39m","message":"Hello world","timestamp":"2026-03-04T05:43:14.220Z"}
{"level":"\u001b[33mwarn\u001b[39m","message":"Hello world","timestamp":"2026-03-04T05:43:14.223Z"}
{"level":"\u001b[31merror\u001b[39m","message":"Hello world","timestamp":"2026-03-04T05:43:14.224Z"}
{"level":"\u001b[32minfo\u001b[39m","message":"Hello world","timestamp":"2026-03-04T05:43:20.605Z"}
{"level":"\u001b[33mwarn\u001b[39m","message":"Hello world","timestamp":"2026-03-04T05:43:20.609Z"}
{"level":"\u001b[31merror\u001b[39m","message":"Hello world","timestamp":"2026-03-04T05:43:20.609Z"}
{"level":"\u001b[32minfo\u001b[39m","message":"Hello world","timestamp":"2026-03-06T01:29:54.651Z"}
{"level":"\u001b[32minfo\u001b[39m","message":"Hello world","timestamp":"2026-03-06T01:33:14.588Z"}
{"level":"\u001b[32minfo\u001b[39m","message":"Hello world","timestamp":"2026-03-06T01:39:17.881Z"}
{"level":"\u001b[32minfo\u001b[39m","message":"Hello world","timestamp":"2026-03-06T01:39:52.932Z"}
{"level":"\u001b[32minfo\u001b[39m","message":"Hello world","timestamp":"2026-03-06T01:39:55.694Z"}
{"level":"\u001b[32minfo\u001b[39m","message":"Hello world","timestamp":"2026-03-06T01:39:58.078Z"}
{"level":"\u001b[32minfo\u001b[39m","message":"Hello world","timestamp":"2026-03-06T01:41:05.802Z"}
{"level":"\u001b[32minfo\u001b[39m","message":"Hello world","timestamp":"2026-03-06T01:44:27.072Z"}
{"level":"\u001b[32minfo\u001b[39m","message":"{\"method\":\"GET\",\"url\":\"/\",\"status\":\"404\",\"responseTime\":\"12.806\"}","timestamp":"2026-03-06T01:44:52.982Z"}
{"level":"\u001b[32minfo\u001b[39m","message":"Hello world","timestamp":"2026-03-06T01:45:18.797Z"}
{"level":"\u001b[32minfo\u001b[39m","message":"Hello world","timestamp":"2026-03-18T07:46:56.084Z"}
{"level":"\u001b[32minfo\u001b[39m","message":"Hello world","timestamp":"2026-03-18T07:47:20.230Z"}
{"level":"\u001b[32minfo\u001b[39m","message":"Hello world","timestamp":"2026-03-31T05:04:15.340Z"}
{"level":"\u001b[32minfo\u001b[39m","message":"Hello world","timestamp":"2026-03-31T05:04:38.980Z"}
{"level":"\u001b[32minfo\u001b[39m","message":"Hello world","timestamp":"2026-03-31T05:30:54.907Z"}
{"level":"\u001b[32minfo\u001b[39m","message":"{\"method\":\"GET\",\"url\":\"/\",\"status\":\"404\",\"responseTime\":\"9.528\"}","timestamp":"2026-03-31T05:31:21.402Z"}
{"level":"\u001b[32minfo\u001b[39m","message":"Hello world","timestamp":"2026-03-31T05:31:55.109Z"}
{"level":"\u001b[32minfo\u001b[39m","message":"Hello world","timestamp":"2026-03-31T05:32:05.483Z"}
{"level":"\u001b[32minfo\u001b[39m","message":"Hello world","timestamp":"2026-03-31T05:32:35.026Z"}
{"level":"\u001b[32minfo\u001b[39m","message":"{\"method\":\"GET\",\"url\":\"/\",\"status\":\"200\",\"responseTime\":\"8.014\"}","timestamp":"2026-03-31T05:32:38.775Z"}
{"level":"\u001b[32minfo\u001b[39m","message":"{\"method\":\"GET\",\"url\":\"/favicon.ico\",\"status\":\"404\",\"responseTime\":\"5.793\"}","timestamp":"2026-03-31T05:32:38.852Z"}
{"level":"\u001b[32minfo\u001b[39m","message":"Hello world","timestamp":"2026-03-31T05:33:13.899Z"}
{"level":"\u001b[32minfo\u001b[39m","message":"{\"method\":\"GET\",\"url\":\"/\",\"status\":\"200\",\"responseTime\":\"5.542\"}","timestamp":"2026-03-31T05:33:16.049Z"}
{"level":"\u001b[32minfo\u001b[39m","message":"Hello world","timestamp":"2026-03-31T05:33:33.664Z"}
{"level":"\u001b[32minfo\u001b[39m","message":"Hello world","timestamp":"2026-03-31T05:33:41.996Z"}
{"level":"\u001b[32minfo\u001b[39m","message":"Hello world","timestamp":"2026-03-31T05:33:46.890Z"}
{"level":"\u001b[32minfo\u001b[39m","message":"Hello world","timestamp":"2026-03-31T05:33:50.998Z"}
{"level":"\u001b[32minfo\u001b[39m","message":"Hello world","timestamp":"2026-03-31T05:34:16.159Z"}
{"level":"\u001b[32minfo\u001b[39m","message":"Hello world","timestamp":"2026-03-31T05:34:19.740Z"}
{"level":"\u001b[32minfo\u001b[39m","message":"{\"method\":\"GET\",\"url\":\"/\",\"status\":\"200\",\"responseTime\":\"8.410\"}","timestamp":"2026-03-31T05:34:20.508Z"}
{"level":"\u001b[32minfo\u001b[39m","message":"{\"method\":\"GET\",\"url\":\"/healtcheck\",\"status\":\"404\",\"responseTime\":\"2.252\"}","timestamp":"2026-03-31T05:34:32.109Z"}
{"level":"\u001b[32minfo\u001b[39m","message":"{\"method\":\"GET\",\"url\":\"/healthcheck\",\"status\":\"404\",\"responseTime\":\"0.699\"}","timestamp":"2026-03-31T05:34:49.904Z"}
{"level":"\u001b[32minfo\u001b[39m","message":"{\"method\":\"GET\",\"url\":\"/\",\"status\":\"304\",\"responseTime\":\"1.207\"}","timestamp":"2026-03-31T05:37:08.828Z"}
{"level":"\u001b[32minfo\u001b[39m","message":"{\"method\":\"GET\",\"url\":\"/healthcheck\",\"status\":\"404\",\"responseTime\":\"1.402\"}","timestamp":"2026-03-31T05:38:13.388Z"}
{"level":"\u001b[32minfo\u001b[39m","message":"Hello world","timestamp":"2026-03-31T05:38:35.560Z"}
{"level":"\u001b[32minfo\u001b[39m","message":"{\"method\":\"GET\",\"url\":\"/healthcheck\",\"status\":\"404\",\"responseTime\":\"5.419\"}","timestamp":"2026-03-31T05:38:37.544Z"}
{"level":"\u001b[32minfo\u001b[39m","message":"{\"method\":\"GET\",\"url\":\"/healthcheck\",\"status\":\"404\",\"responseTime\":\"0.889\"}","timestamp":"2026-03-31T05:38:38.501Z"}
{"level":"\u001b[32minfo\u001b[39m","message":"{\"method\":\"GET\",\"url\":\"/healthcheck\",\"status\":\"404\",\"responseTime\":\"0.532\"}","timestamp":"2026-03-31T05:38:39.280Z"}
{"level":"\u001b[32minfo\u001b[39m","message":"{\"method\":\"GET\",\"url\":\"/healthcheck\",\"status\":\"404\",\"responseTime\":\"0.987\"}","timestamp":"2026-03-31T05:38:39.453Z"}
{"level":"\u001b[32minfo\u001b[39m","message":"{\"method\":\"GET\",\"url\":\"/healthcheck\",\"status\":\"404\",\"responseTime\":\"0.426\"}","timestamp":"2026-03-31T05:38:39.636Z"}
{"level":"\u001b[32minfo\u001b[39m","message":"{\"method\":\"GET\",\"url\":\"/healthcheck\",\"status\":\"404\",\"responseTime\":\"0.715\"}","timestamp":"2026-03-31T05:38:39.809Z"}
{"level":"\u001b[32minfo\u001b[39m","message":"{\"method\":\"GET\",\"url\":\"/healthcheck\",\"status\":\"404\",\"responseTime\":\"0.815\"}","timestamp":"2026-03-31T05:38:39.968Z"}
{"level":"\u001b[32minfo\u001b[39m","message":"{\"method\":\"GET\",\"url\":\"/healthcheck\",\"status\":\"404\",\"responseTime\":\"0.444\"}","timestamp":"2026-03-31T05:38:40.134Z"}
{"level":"\u001b[32minfo\u001b[39m","message":"{\"method\":\"GET\",\"url\":\"/healthcheck\",\"status\":\"404\",\"responseTime\":\"0.670\"}","timestamp":"2026-03-31T05:38:40.321Z"}
{"level":"\u001b[32minfo\u001b[39m","message":"Hello world","timestamp":"2026-03-31T05:40:02.831Z"}
{"level":"\u001b[32minfo\u001b[39m","message":"Hello world","timestamp":"2026-03-31T05:40:36.974Z"}
{"level":"\u001b[32minfo\u001b[39m","message":"Hello world","timestamp":"2026-03-31T05:41:37.258Z"}
{"level":"\u001b[32minfo\u001b[39m","message":"Hello world","timestamp":"2026-03-31T05:41:44.083Z"}
{"level":"\u001b[32minfo\u001b[39m","message":"Hello world","timestamp":"2026-03-31T05:41:52.731Z"}
{"level":"\u001b[32minfo\u001b[39m","message":"{\"method\":\"GET\",\"url\":\"/\",\"status\":\"404\",\"responseTime\":\"3.840\"}","timestamp":"2026-03-31T05:41:58.244Z"}
{"level":"\u001b[32minfo\u001b[39m","message":"Hello world","timestamp":"2026-03-31T05:43:14.816Z"}
{"level":"\u001b[32minfo\u001b[39m","message":"Hello world","timestamp":"2026-03-31T05:43:20.101Z"}
{"level":"\u001b[32minfo\u001b[39m","message":"Hello world","timestamp":"2026-03-31T05:43:31.483Z"}
{"level":"\u001b[32minfo\u001b[39m","message":"Hello world","timestamp":"2026-03-31T05:46:26.730Z"}
{"level":"\u001b[32minfo\u001b[39m","message":"Hello world","timestamp":"2026-03-31T05:52:38.379Z"}
{"level":"\u001b[32minfo\u001b[39m","message":"Hello world","timestamp":"2026-03-31T05:53:48.923Z"}
{"level":"\u001b[32minfo\u001b[39m","message":"Hello world","timestamp":"2026-03-31T05:54:10.773Z"}
{"level":"\u001b[32minfo\u001b[39m","message":"Hello world","timestamp":"2026-03-31T05:54:21.100Z"}
{"level":"\u001b[32minfo\u001b[39m","message":"Hello world","timestamp":"2026-03-31T05:54:26.498Z"}
{"level":"\u001b[32minfo\u001b[39m","message":"Hello world","timestamp":"2026-03-31T05:54:41.192Z"}
{"level":"\u001b[32minfo\u001b[39m","message":"Hello world","timestamp":"2026-03-31T05:55:15.822Z"}
{"level":"\u001b[32minfo\u001b[39m","message":"MongoDB connected","timestamp":"2026-03-31T05:55:17.062Z"}
{"level":"\u001b[32minfo\u001b[39m","message":"Server running on http://localhost:3000","timestamp":"2026-03-31T05:55:17.066Z"}
{"level":"\u001b[32minfo\u001b[39m","message":"Hello world","timestamp":"2026-03-31T05:55:30.634Z"}
{"level":"\u001b[32minfo\u001b[39m","message":"MongoDB connected","timestamp":"2026-03-31T05:55:32.562Z"}
{"level":"\u001b[32minfo\u001b[39m","message":"Server running on http://localhost:3000","timestamp":"2026-03-31T05:55:32.568Z"}
{"level":"\u001b[32minfo\u001b[39m","message":"Hello world","timestamp":"2026-03-31T05:57:25.847Z"}
{"level":"\u001b[32minfo\u001b[39m","message":"MongoDB connected","timestamp":"2026-03-31T05:57:27.996Z"}
{"level":"\u001b[32minfo\u001b[39m","message":"Server running on http://localhost:3000","timestamp":"2026-03-31T05:57:28.000Z"}
{"level":"\u001b[32minfo\u001b[39m","message":"Hello world","timestamp":"2026-03-31T05:57:51.900Z"}
{"level":"\u001b[32minfo\u001b[39m","message":"MongoDB connected","timestamp":"2026-03-31T05:57:53.708Z"}
{"level":"\u001b[32minfo\u001b[39m","message":"Server running on http://localhost:3000","timestamp":"2026-03-31T05:57:53.713Z"}
{"level":"\u001b[32minfo\u001b[39m","message":"Hello world","timestamp":"2026-03-31T06:04:09.788Z"}
{"level":"\u001b[32minfo\u001b[39m","message":"MongoDB connected","timestamp":"2026-03-31T06:04:10.801Z"}
{"level":"\u001b[32minfo\u001b[39m","message":"Server running on http://localhost:3000","timestamp":"2026-03-31T06:04:10.809Z"}
{"level":"\u001b[32minfo\u001b[39m","message":"Hello world","timestamp":"2026-03-31T06:04:37.280Z"}
{"level":"\u001b[32minfo\u001b[39m","message":"MongoDB connected","timestamp":"2026-03-31T06:04:39.026Z"}
{"level":"\u001b[32minfo\u001b[39m","message":"Server running on http://localhost:3000","timestamp":"2026-03-31T06:04:39.030Z"}
{"level":"\u001b[32minfo\u001b[39m","message":"{\"method\":\"GET\",\"url\":\"/\",\"status\":\"200\",\"responseTime\":\"7.868\"}","timestamp":"2026-03-31T06:05:55.055Z"}
{"level":"\u001b[32minfo\u001b[39m","message":"Hello world","timestamp":"2026-03-31T06:28:09.947Z"}
{"level":"\u001b[32minfo\u001b[39m","message":"MongoDB connected","timestamp":"2026-03-31T06:28:10.497Z"}
{"level":"\u001b[32minfo\u001b[39m","message":"Server running on http://localhost:3000","timestamp":"2026-03-31T06:28:10.501Z"}
{"level":"\u001b[32minfo\u001b[39m","message":"{\"method\":\"GET\",\"url\":\"/healthcheck\",\"status\":\"404\",\"responseTime\":\"4.433\"}","timestamp":"2026-03-31T06:28:24.010Z"}
{"level":"\u001b[32minfo\u001b[39m","message":"{\"method\":\"GET\",\"url\":\"/api/v1/healthcheck\",\"status\":\"200\",\"responseTime\":\"7.804\"}","timestamp":"2026-03-31T06:28:47.371Z"}
{"level":"\u001b[32minfo\u001b[39m","message":"{\"method\":\"GET\",\"url\":\"/favicon.ico\",\"status\":\"404\",\"responseTime\":\"3.128\"}","timestamp":"2026-03-31T06:28:47.447Z"}
{"level":"\u001b[32minfo\u001b[39m","message":"Hello world","timestamp":"2026-03-31T06:29:12.865Z"}
{"level":"\u001b[32minfo\u001b[39m","message":"MongoDB connected","timestamp":"2026-03-31T06:29:13.427Z"}
{"level":"\u001b[32minfo\u001b[39m","message":"Server running on http://localhost:3000","timestamp":"2026-03-31T06:29:13.433Z"}
{"level":"\u001b[32minfo\u001b[39m","message":"{\"method\":\"GET\",\"url\":\"/api/v1/healthcheck\",\"status\":\"304\",\"responseTime\":\"3.573\"}","timestamp":"2026-03-31T06:29:31.904Z"}
{"level":"\u001b[32minfo\u001b[39m","message":"{\"method\":\"GET\",\"url\":\"/\",\"status\":\"200\",\"responseTime\":\"2.129\"}","timestamp":"2026-03-31T06:29:41.872Z"}
{"level":"\u001b[32minfo\u001b[39m","message":"Hello world","timestamp":"2026-03-31T07:49:05.104Z"}
{"level":"\u001b[32minfo\u001b[39m","message":"MongoDB connected","timestamp":"2026-03-31T07:49:05.718Z"}
{"level":"\u001b[32minfo\u001b[39m","message":"Server running on http://localhost:3000","timestamp":"2026-03-31T07:49:05.726Z"}
{"level":"\u001b[32minfo\u001b[39m","message":"{\"method\":\"GET\",\"url\":\"/\",\"status\":\"304\",\"responseTime\":\"3.482\"}","timestamp":"2026-03-31T07:49:10.994Z"}
{"level":"\u001b[32minfo\u001b[39m","message":"{\"method\":\"GET\",\"url\":\"/favicon.ico\",\"status\":\"404\",\"responseTime\":\"7.487\"}","timestamp":"2026-03-31T07:49:11.081Z"}
{"level":"\u001b[32minfo\u001b[39m","message":"{\"method\":\"GET\",\"url\":\"/api/v1/healthcheck\",\"status\":\"304\",\"responseTime\":\"1.363\"}","timestamp":"2026-03-31T07:50:07.647Z"}
{"level":"\u001b[32minfo\u001b[39m","message":"Hello world","timestamp":"2026-03-31T07:52:23.771Z"}
{"level":"\u001b[32minfo\u001b[39m","message":"MongoDB connected","timestamp":"2026-03-31T07:52:24.242Z"}
{"level":"\u001b[32minfo\u001b[39m","message":"Server running on http://localhost:3000","timestamp":"2026-03-31T07:52:24.248Z"}
{"level":"\u001b[32minfo\u001b[39m","message":"Hello world","timestamp":"2026-03-31T07:53:44.380Z"}
{"level":"\u001b[32minfo\u001b[39m","message":"MongoDB connected","timestamp":"2026-03-31T07:53:44.846Z"}
{"level":"\u001b[32minfo\u001b[39m","message":"Server running on http://localhost:3000","timestamp":"2026-03-31T07:53:44.850Z"}
{"level":"\u001b[32minfo\u001b[39m","message":"Hello world","timestamp":"2026-03-31T07:53:47.733Z"}
{"level":"\u001b[32minfo\u001b[39m","message":"MongoDB connected","timestamp":"2026-03-31T07:53:48.209Z"}
{"level":"\u001b[32minfo\u001b[39m","message":"Server running on http://localhost:3000","timestamp":"2026-03-31T07:53:48.218Z"}
{"level":"\u001b[32minfo\u001b[39m","message":"Hello world","timestamp":"2026-03-31T07:54:04.582Z"}
{"level":"\u001b[32minfo\u001b[39m","message":"MongoDB connected","timestamp":"2026-03-31T07:54:05.215Z"}
{"level":"\u001b[32minfo\u001b[39m","message":"Server running on http://localhost:3000","timestamp":"2026-03-31T07:54:05.223Z"}
{"level":"\u001b[32minfo\u001b[39m","message":"Hello world","timestamp":"2026-03-31T07:54:18.719Z"}
{"level":"\u001b[32minfo\u001b[39m","message":"MongoDB connected","timestamp":"2026-03-31T07:54:19.215Z"}
{"level":"\u001b[32minfo\u001b[39m","message":"Server running on http://localhost:3000","timestamp":"2026-03-31T07:54:19.219Z"}
{"level":"\u001b[32minfo\u001b[39m","message":"Hello world","timestamp":"2026-03-31T07:56:01.865Z"}
{"level":"\u001b[32minfo\u001b[39m","message":"MongoDB connected","timestamp":"2026-03-31T07:56:02.386Z"}
{"level":"\u001b[32minfo\u001b[39m","message":"Server running on http://localhost:3000","timestamp":"2026-03-31T07:56:02.393Z"}
{"level":"\u001b[32minfo\u001b[39m","message":"Hello world","timestamp":"2026-03-31T07:56:09.217Z"}
{"level":"\u001b[32minfo\u001b[39m","message":"MongoDB connected","timestamp":"2026-03-31T07:56:09.749Z"}
{"level":"\u001b[32minfo\u001b[39m","message":"Server running on http://localhost:3000","timestamp":"2026-03-31T07:56:09.754Z"}
{"level":"\u001b[32minfo\u001b[39m","message":"Hello world","timestamp":"2026-03-31T07:56:19.433Z"}
{"level":"\u001b[32minfo\u001b[39m","message":"MongoDB connected","timestamp":"2026-03-31T07:56:19.876Z"}
{"level":"\u001b[32minfo\u001b[39m","message":"Server running on http://localhost:3000","timestamp":"2026-03-31T07:56:19.885Z"}
{"level":"\u001b[32minfo\u001b[39m","message":"Hello world","timestamp":"2026-03-31T07:56:34.165Z"}
{"level":"\u001b[32minfo\u001b[39m","message":"MongoDB connected","timestamp":"2026-03-31T07:56:34.699Z"}
{"level":"\u001b[32minfo\u001b[39m","message":"Server running on http://localhost:3000","timestamp":"2026-03-31T07:56:34.708Z"}
{"level":"\u001b[32minfo\u001b[39m","message":"Hello world","timestamp":"2026-03-31T07:56:37.349Z"}
{"level":"\u001b[32minfo\u001b[39m","message":"MongoDB connected","timestamp":"2026-03-31T07:56:37.885Z"}
{"level":"\u001b[32minfo\u001b[39m","message":"Server running on http://localhost:3000","timestamp":"2026-03-31T07:56:37.897Z"}
{"level":"\u001b[32minfo\u001b[39m","message":"Hello world","timestamp":"2026-03-31T07:56:42.695Z"}
{"level":"\u001b[32minfo\u001b[39m","message":"MongoDB connected","timestamp":"2026-03-31T07:56:43.218Z"}
{"level":"\u001b[32minfo\u001b[39m","message":"Server running on http://localhost:3000","timestamp":"2026-03-31T07:56:43.222Z"}
{"level":"\u001b[32minfo\u001b[39m","message":"Hello world","timestamp":"2026-03-31T07:56:45.843Z"}
{"level":"\u001b[32minfo\u001b[39m","message":"MongoDB connected","timestamp":"2026-03-31T07:56:46.302Z"}
{"level":"\u001b[32minfo\u001b[39m","message":"Server running on http://localhost:3000","timestamp":"2026-03-31T07:56:46.306Z"}
{"level":"\u001b[32minfo\u001b[39m","message":"Hello world","timestamp":"2026-03-31T07:56:51.820Z"}
{"level":"\u001b[32minfo\u001b[39m","message":"MongoDB connected","timestamp":"2026-03-31T07:56:52.407Z"}
{"level":"\u001b[32minfo\u001b[39m","message":"Server running on http://localhost:3000","timestamp":"2026-03-31T07:56:52.418Z"}
{"level":"\u001b[32minfo\u001b[39m","message":"Hello world","timestamp":"2026-03-31T07:56:54.936Z"}
{"level":"\u001b[32minfo\u001b[39m","message":"MongoDB connected","timestamp":"2026-03-31T07:56:55.490Z"}
{"level":"\u001b[32minfo\u001b[39m","message":"Server running on http://localhost:3000","timestamp":"2026-03-31T07:56:55.500Z"}
{"level":"\u001b[32minfo\u001b[39m","message":"Hello world","timestamp":"2026-03-31T07:56:59.683Z"}
{"level":"\u001b[32minfo\u001b[39m","message":"MongoDB connected","timestamp":"2026-03-31T07:57:00.242Z"}
{"level":"\u001b[32minfo\u001b[39m","message":"Server running on http://localhost:3000","timestamp":"2026-03-31T07:57:00.250Z"}
{"level":"\u001b[32minfo\u001b[39m","message":"Hello world","timestamp":"2026-03-31T07:57:07.775Z"}
{"level":"\u001b[32minfo\u001b[39m","message":"MongoDB connected","timestamp":"2026-03-31T07:57:08.234Z"}
{"level":"\u001b[32minfo\u001b[39m","message":"Server running on http://localhost:3000","timestamp":"2026-03-31T07:57:08.240Z"}
{"level":"\u001b[32minfo\u001b[39m","message":"Hello world","timestamp":"2026-03-31T07:57:21.103Z"}
{"level":"\u001b[32minfo\u001b[39m","message":"MongoDB connected","timestamp":"2026-03-31T07:57:21.584Z"}
{"level":"\u001b[32minfo\u001b[39m","message":"Server running on http://localhost:3000","timestamp":"2026-03-31T07:57:21.592Z"}
{"level":"\u001b[32minfo\u001b[39m","message":"Hello world","timestamp":"2026-03-31T07:57:27.249Z"}
{"level":"\u001b[32minfo\u001b[39m","message":"MongoDB connected","timestamp":"2026-03-31T07:57:27.746Z"}
{"level":"\u001b[32minfo\u001b[39m","message":"Server running on http://localhost:3000","timestamp":"2026-03-31T07:57:27.760Z"}
{"level":"\u001b[32minfo\u001b[39m","message":"Hello world","timestamp":"2026-03-31T07:57:34.795Z"}
{"level":"\u001b[32minfo\u001b[39m","message":"MongoDB connected","timestamp":"2026-03-31T07:57:35.282Z"}
{"level":"\u001b[32minfo\u001b[39m","message":"Server running on http://localhost:3000","timestamp":"2026-03-31T07:57:35.288Z"}
{"level":"\u001b[32minfo\u001b[39m","message":"Hello world","timestamp":"2026-03-31T07:57:40.651Z"}
{"level":"\u001b[32minfo\u001b[39m","message":"MongoDB connected","timestamp":"2026-03-31T07:57:41.202Z"}
{"level":"\u001b[32minfo\u001b[39m","message":"Server running on http://localhost:3000","timestamp":"2026-03-31T07:57:41.211Z"}
{"level":"\u001b[32minfo\u001b[39m","message":"Hello world","timestamp":"2026-03-31T07:57:52.461Z"}
{"level":"\u001b[32minfo\u001b[39m","message":"MongoDB connected","timestamp":"2026-03-31T07:57:52.997Z"}
{"level":"\u001b[32minfo\u001b[39m","message":"Server running on http://localhost:3000","timestamp":"2026-03-31T07:57:53.005Z"}
{"level":"\u001b[32minfo\u001b[39m","message":"Hello world","timestamp":"2026-03-31T07:58:03.126Z"}
{"level":"\u001b[32minfo\u001b[39m","message":"MongoDB connected","timestamp":"2026-03-31T07:58:03.669Z"}
{"level":"\u001b[32minfo\u001b[39m","message":"Server running on http://localhost:3000","timestamp":"2026-03-31T07:58:03.673Z"}
{"level":"\u001b[32minfo\u001b[39m","message":"Hello world","timestamp":"2026-03-31T07:58:11.759Z"}
{"level":"\u001b[32minfo\u001b[39m","message":"Hello world","timestamp":"2026-03-31T09:25:07.380Z"}
{"level":"\u001b[32minfo\u001b[39m","message":"MongoDB connected","timestamp":"2026-03-31T09:25:07.900Z"}
{"level":"\u001b[32minfo\u001b[39m","message":"Server running on http://localhost:3000","timestamp":"2026-03-31T09:25:07.906Z"}
{"level":"\u001b[32minfo\u001b[39m","message":"{\"method\":\"GET\",\"url\":\"/api/v1/healthcheck\",\"status\":\"304\",\"responseTime\":\"10.021\"}","timestamp":"2026-03-31T09:25:13.277Z"}
{"level":"\u001b[32minfo\u001b[39m","message":"{\"method\":\"GET\",\"url\":\"/favicon.ico\",\"status\":\"404\",\"responseTime\":\"4.871\"}","timestamp":"2026-03-31T09:25:13.369Z"}
{"level":"\u001b[32minfo\u001b[39m","message":"{\"method\":\"GET\",\"url\":\"/\",\"status\":\"304\",\"responseTime\":\"0.938\"}","timestamp":"2026-03-31T09:25:18.050Z"}
{"level":"\u001b[32minfo\u001b[39m","message":"Hello world","timestamp":"2026-04-01T07:53:50.680Z"}
{"level":"\u001b[32minfo\u001b[39m","message":"MongoDB connected","timestamp":"2026-04-01T07:53:51.646Z"}
{"level":"\u001b[32minfo\u001b[39m","message":"Server running on http://localhost:3000","timestamp":"2026-04-01T07:53:51.650Z"}
{"level":"\u001b[32minfo\u001b[39m","message":"{\"method\":\"GET\",\"url\":\"/\",\"status\":\"304\",\"responseTime\":\"4.337\"}","timestamp":"2026-04-01T07:54:00.301Z"}
{"level":"\u001b[32minfo\u001b[39m","message":"{\"method\":\"GET\",\"url\":\"/favicon.ico\",\"status\":\"404\",\"responseTime\":\"2.547\"}","timestamp":"2026-04-01T07:54:00.406Z"}
{"level":"\u001b[32minfo\u001b[39m","message":"{\"method\":\"GET\",\"url\":\"/api/v1/healthcheck\",\"status\":\"304\",\"responseTime\":\"2.142\"}","timestamp":"2026-04-01T07:54:11.922Z"}
{"level":"\u001b[32minfo\u001b[39m","message":"Hello world","timestamp":"2026-04-01T07:55:39.501Z"}
{"level":"\u001b[32minfo\u001b[39m","message":"MongoDB connected","timestamp":"2026-04-01T07:55:40.323Z"}
{"level":"\u001b[32minfo\u001b[39m","message":"Server running on http://localhost:3000","timestamp":"2026-04-01T07:55:40.327Z"}
{"level":"\u001b[32minfo\u001b[39m","message":"Hello world","timestamp":"2026-04-01T07:55:53.325Z"}
{"level":"\u001b[32minfo\u001b[39m","message":"MongoDB connected","timestamp":"2026-04-01T07:55:53.967Z"}
{"level":"\u001b[32minfo\u001b[39m","message":"Server running on http://localhost:3000","timestamp":"2026-04-01T07:55:53.971Z"}
{"level":"\u001b[32minfo\u001b[39m","message":"Hello world","timestamp":"2026-04-01T07:55:58.556Z"}
{"level":"\u001b[32minfo\u001b[39m","message":"MongoDB connected","timestamp":"2026-04-01T07:55:59.206Z"}
{"level":"\u001b[32minfo\u001b[39m","message":"Server running on http://localhost:3000","timestamp":"2026-04-01T07:55:59.210Z"}
{"level":"\u001b[32minfo\u001b[39m","message":"Hello world","timestamp":"2026-04-01T07:56:06.483Z"}
{"level":"\u001b[32minfo\u001b[39m","message":"MongoDB connected","timestamp":"2026-04-01T07:56:07.134Z"}
{"level":"\u001b[32minfo\u001b[39m","message":"Server running on http://localhost:3000","timestamp":"2026-04-01T07:56:07.139Z"}
{"level":"\u001b[32minfo\u001b[39m","message":"Hello world","timestamp":"2026-04-02T18:15:22.726Z"}
{"level":"\u001b[32minfo\u001b[39m","message":"MongoDB connected","timestamp":"2026-04-02T18:15:23.860Z"}
{"level":"\u001b[32minfo\u001b[39m","message":"Server running on http://localhost:3000","timestamp":"2026-04-02T18:15:23.863Z"}
{"level":"\u001b[32minfo\u001b[39m","message":"{\"method\":\"GET\",\"url\":\"/\",\"status\":\"200\",\"responseTime\":\"5.468\"}","timestamp":"2026-04-02T18:15:31.214Z"}
{"level":"\u001b[32minfo\u001b[39m","message":"{\"method\":\"GET\",\"url\":\"/favicon.ico\",\"status\":\"404\",\"responseTime\":\"2.486\"}","timestamp":"2026-04-02T18:15:31.333Z"}
{"level":"\u001b[32minfo\u001b[39m","message":"{\"method\":\"GET\",\"url\":\"/api/v1/healthcheck\",\"status\":\"304\",\"responseTime\":\"1.225\"}","timestamp":"2026-04-02T18:15:54.642Z"}
